# JRE version: OpenJDK Runtime Environment Zulu17.32+13-CA (17.0.2+8) (build 17.0.2+8-LTS)
# Java VM: OpenJDK 64-Bit Server VM Zulu17.32+13-CA (17.0.2+8-LTS, mixed mode, sharing, tiered, compressed oops, compressed class ptrs, g1 gc, windows-amd64)
GC Precious Log:
 CPUs: 8 total, 8 available
 Memory: 6077M
 Large Page Support: Disabled
 NUMA Support: Disabled
 Compressed Oops: Enabled (32-bit)
 Heap Region Size: 1M
 Heap Min Capacity: 8M
 Heap Initial Capacity: 96M
 Heap Max Capacity: 1520M
 Pre-touch: Disabled
 Parallel Workers: 8
 Concurrent Workers: 2
 Concurrent Refinement Workers: 8
 Periodic GC: Disabled
Heap:
 garbage-first heap   total 152576K, used 90515K [0x00000000a1000000, 0x0000000100000000)
  region size 1024K, 5 young (5120K), 5 survivors (5120K)
 Metaspace       used 91794K, committed 92224K, reserved 1130496K
  class space    used 11194K, committed 11392K, reserved 1048576K
GC Heap History (20 events):
Event: 63.265 GC heap after
{Heap after GC invocations=42 (full 0):
 garbage-first heap   total 120832K, used 41283K [0x00000000a1000000, 0x0000000100000000)
  region size 1024K, 7 young (7168K), 7 survivors (7168K)
 Metaspace       used 83435K, committed 83968K, reserved 1122304K
  class space    used 10317K, committed 10560K, reserved 1048576K
}
Event: 64.481 GC heap before
{Heap before GC invocations=42 (full 0):
 garbage-first heap   total 120832K, used 99651K [0x00000000a1000000, 0x0000000100000000)
  region size 1024K, 64 young (65536K), 7 survivors (7168K)
 Metaspace       used 85396K, committed 85888K, reserved 1130496K
  class space    used 10537K, committed 10752K, reserved 1048576K
}
Event: 64.507 GC heap after
{Heap after GC invocations=43 (full 0):
 garbage-first heap   total 120832K, used 43124K [0x00000000a1000000, 0x0000000100000000)
  region size 1024K, 6 young (6144K), 6 survivors (6144K)
 Metaspace       used 85396K, committed 85888K, reserved 1130496K
  class space    used 10537K, committed 10752K, reserved 1048576K
}
Event: 66.087 GC heap before
{Heap before GC invocations=43 (full 0):
 garbage-first heap   total 120832K, used 100468K [0x00000000a1000000, 0x0000000100000000)
  region size 1024K, 62 young (63488K), 6 survivors (6144K)
 Metaspace       used 87395K, committed 87872K, reserved 1130496K
  class space    used 10774K, committed 11008K, reserved 1048576K
}
Event: 66.113 GC heap after
{Heap after GC invocations=44 (full 0):
 garbage-first heap   total 120832K, used 44083K [0x00000000a1000000, 0x0000000100000000)
  region size 1024K, 5 young (5120K), 5 survivors (5120K)
 Metaspace       used 87395K, committed 87872K, reserved 1130496K
  class space    used 10774K, committed 11008K, reserved 1048576K
}
Event: 68.203 GC heap before
{Heap before GC invocations=44 (full 0):
 garbage-first heap   total 120832K, used 101427K [0x00000000a1000000, 0x0000000100000000)
  region size 1024K, 61 young (62464K), 5 survivors (5120K)
 Metaspace       used 89469K, committed 89920K, reserved 1130496K
  class space    used 10985K, committed 11200K, reserved 1048576K
}
Event: 68.234 GC heap after
{Heap after GC invocations=45 (full 0):
 garbage-first heap   total 145408K, used 46254K [0x00000000a1000000, 0x0000000100000000)
  region size 1024K, 6 young (6144K), 6 survivors (6144K)
 Metaspace       used 89469K, committed 89920K, reserved 1130496K
  class space    used 10985K, committed 11200K, reserved 1048576K
}
Event: 70.662 GC heap before
{Heap before GC invocations=45 (full 0):
 garbage-first heap   total 145408K, used 121006K [0x00000000a1000000, 0x0000000100000000)
  region size 1024K, 79 young (80896K), 6 survivors (6144K)
 Metaspace       used 91388K, committed 91840K, reserved 1130496K
  class space    used 11178K, committed 11392K, reserved 1048576K
}
Event: 70.686 GC heap after
{Heap after GC invocations=46 (full 0):
 garbage-first heap   total 145408K, used 52820K [0x00000000a1000000, 0x0000000100000000)
  region size 1024K, 10 young (10240K), 10 survivors (10240K)
 Metaspace       used 91388K, committed 91840K, reserved 1130496K
  class space    used 11178K, committed 11392K, reserved 1048576K
}
Event: 72.067 GC heap before
{Heap before GC invocations=46 (full 0):
 garbage-first heap   total 145408K, used 119380K [0x00000000a1000000, 0x0000000100000000)
  region size 1024K, 73 young (74752K), 10 survivors (10240K)
 Metaspace       used 91689K, committed 92160K, reserved 1130496K
  class space    used 11192K, committed 11392K, reserved 1048576K
}
Event: 72.110 GC heap after
{Heap after GC invocations=47 (full 0):
 garbage-first heap   total 145408K, used 66874K [0x00000000a1000000, 0x0000000100000000)
  region size 1024K, 10 young (10240K), 10 survivors (10240K)
 Metaspace       used 91689K, committed 92160K, reserved 1130496K
  class space    used 11192K, committed 11392K, reserved 1048576K
}
Event: 72.559 GC heap before
{Heap before GC invocations=47 (full 0):
 garbage-first heap   total 145408K, used 113978K [0x00000000a1000000, 0x0000000100000000)
  region size 1024K, 54 young (55296K), 10 survivors (10240K)
 Metaspace       used 91731K, committed 92224K, reserved 1130496K
  class space    used 11192K, committed 11392K, reserved 1048576K
}
Event: 72.583 GC heap after
{Heap after GC invocations=48 (full 0):
 garbage-first heap   total 145408K, used 77715K [0x00000000a1000000, 0x0000000100000000)
  region size 1024K, 7 young (7168K), 7 survivors (7168K)
 Metaspace       used 91731K, committed 92224K, reserved 1130496K
  class space    used 11192K, committed 11392K, reserved 1048576K
}
Event: 73.015 GC heap before
{Heap before GC invocations=48 (full 0):
 garbage-first heap   total 145408K, used 104339K [0x00000000a1000000, 0x0000000100000000)
  region size 1024K, 35 young (35840K), 7 survivors (7168K)
 Metaspace       used 91768K, committed 92224K, reserved 1130496K
  class space    used 11192K, committed 11392K, reserved 1048576K
}
Event: 73.038 GC heap after
{Heap after GC invocations=49 (full 0):
 garbage-first heap   total 145408K, used 86931K [0x00000000a1000000, 0x0000000100000000)
  region size 1024K, 6 young (6144K), 6 survivors (6144K)
 Metaspace       used 91768K, committed 92224K, reserved 1130496K
  class space    used 11192K, committed 11392K, reserved 1048576K
}
Event: 73.365 GC heap before
{Heap before GC invocations=50 (full 0):
 garbage-first heap   total 152576K, used 105363K [0x00000000a1000000, 0x0000000100000000)
  region size 1024K, 31 young (31744K), 6 survivors (6144K)
 Metaspace       used 91770K, committed 92224K, reserved 1130496K
  class space    used 11193K, committed 11392K, reserved 1048576K
}
Event: 73.379 GC heap after
{Heap after GC invocations=51 (full 0):
 garbage-first heap   total 152576K, used 85907K [0x00000000a1000000, 0x0000000100000000)
  region size 1024K, 4 young (4096K), 4 survivors (4096K)
 Metaspace       used 91770K, committed 92224K, reserved 1130496K
  class space    used 11193K, committed 11392K, reserved 1048576K
}
Event: 73.407 GC heap before
{Heap before GC invocations=51 (full 0):
 garbage-first heap   total 152576K, used 90003K [0x00000000a1000000, 0x0000000100000000)
  region size 1024K, 7 young (7168K), 4 survivors (4096K)
 Metaspace       used 91770K, committed 92224K, reserved 1130496K
  class space    used 11193K, committed 11392K, reserved 1048576K
}
Event: 73.417 GC heap after
{Heap after GC invocations=52 (full 0):
 garbage-first heap   total 152576K, used 81811K [0x00000000a1000000, 0x0000000100000000)
  region size 1024K, 1 young (1024K), 1 survivors (1024K)
 Metaspace       used 91770K, committed 92224K, reserved 1130496K
  class space    used 11193K, committed 11392K, reserved 1048576K
}
Event: 73.886 GC heap before
{Heap before GC invocations=52 (full 0):
 garbage-first heap   total 152576K, used 113555K [0x00000000a1000000, 0x0000000100000000)
  region size 1024K, 33 young (33792K), 1 survivors (1024K)
 Metaspace       used 91794K, committed 92224K, reserved 1130496K
  class space    used 11194K, committed 11392K, reserved 1048576K
}

