# JRE version: OpenJDK Runtime Environment Zulu17.32+13-CA (17.0.2+8) (build 17.0.2+8-LTS)
# Java VM: OpenJDK 64-Bit Server VM Zulu17.32+13-CA (17.0.2+8-LTS, mixed mode, sharing, tiered, compressed oops, compressed class ptrs, g1 gc, windows-amd64)
GC Precious Log:
 CPUs: 8 total, 8 available
 Memory: 6077M
 Large Page Support: Disabled
 NUMA Support: Disabled
 Compressed Oops: Enabled (32-bit)
 Heap Region Size: 1M
 Heap Min Capacity: 8M
 Heap Initial Capacity: 96M
 Heap Max Capacity: 1520M
 Pre-touch: Disabled
 Parallel Workers: 8
 Concurrent Workers: 2
 Concurrent Refinement Workers: 8
 Periodic GC: Disabled
Heap:
 garbage-first heap   total 110592K, used 63922K [0x00000000a1000000, 0x0000000100000000)
  region size 1024K, 36 young (36864K), 4 survivors (4096K)
 Metaspace       used 59359K, committed 59776K, reserved 1105920K
  class space    used 7018K, committed 7232K, reserved 1048576K
GC Heap History (20 events):
Event: 16.453 GC heap before
{Heap before GC invocations=16 (full 0):
 garbage-first heap   total 95232K, used 73695K [0x00000000a1000000, 0x0000000100000000)
  region size 1024K, 55 young (56320K), 6 survivors (6144K)
 Metaspace       used 35031K, committed 35328K, reserved 1081344K
  class space    used 4013K, committed 4160K, reserved 1048576K
}
Event: 16.472 GC heap after
{Heap after GC invocations=17 (full 0):
 garbage-first heap   total 95232K, used 24498K [0x00000000a1000000, 0x0000000100000000)
  region size 1024K, 5 young (5120K), 5 survivors (5120K)
 Metaspace       used 35031K, committed 35328K, reserved 1081344K
  class space    used 4013K, committed 4160K, reserved 1048576K
}
Event: 17.059 GC heap before
{Heap before GC invocations=17 (full 0):
 garbage-first heap   total 95232K, used 41906K [0x00000000a1000000, 0x0000000100000000)
  region size 1024K, 23 young (23552K), 5 survivors (5120K)
 Metaspace       used 35786K, committed 36096K, reserved 1081344K
  class space    used 4114K, committed 4288K, reserved 1048576K
}
Event: 17.073 GC heap after
{Heap after GC invocations=18 (full 0):
 garbage-first heap   total 95232K, used 24592K [0x00000000a1000000, 0x0000000100000000)
  region size 1024K, 4 young (4096K), 4 survivors (4096K)
 Metaspace       used 35786K, committed 36096K, reserved 1081344K
  class space    used 4114K, committed 4288K, reserved 1048576K
}
Event: 18.682 GC heap before
{Heap before GC invocations=19 (full 0):
 garbage-first heap   total 92160K, used 75792K [0x00000000a1000000, 0x0000000100000000)
  region size 1024K, 54 young (55296K), 4 survivors (4096K)
 Metaspace       used 37984K, committed 38272K, reserved 1089536K
  class space    used 4470K, committed 4608K, reserved 1048576K
}
Event: 18.699 GC heap after
{Heap after GC invocations=20 (full 0):
 garbage-first heap   total 92160K, used 25512K [0x00000000a1000000, 0x0000000100000000)
  region size 1024K, 3 young (3072K), 3 survivors (3072K)
 Metaspace       used 37984K, committed 38272K, reserved 1089536K
  class space    used 4470K, committed 4608K, reserved 1048576K
}
Event: 20.383 GC heap before
{Heap before GC invocations=20 (full 0):
 garbage-first heap   total 92160K, used 76712K [0x00000000a1000000, 0x0000000100000000)
  region size 1024K, 53 young (54272K), 3 survivors (3072K)
 Metaspace       used 40354K, committed 40768K, reserved 1089536K
  class space    used 4806K, committed 4992K, reserved 1048576K
}
Event: 20.397 GC heap after
{Heap after GC invocations=21 (full 0):
 garbage-first heap   total 110592K, used 26906K [0x00000000a1000000, 0x0000000100000000)
  region size 1024K, 4 young (4096K), 4 survivors (4096K)
 Metaspace       used 40354K, committed 40768K, reserved 1089536K
  class space    used 4806K, committed 4992K, reserved 1048576K
}
Event: 21.892 GC heap before
{Heap before GC invocations=21 (full 0):
 garbage-first heap   total 110592K, used 88346K [0x00000000a1000000, 0x0000000100000000)
  region size 1024K, 64 young (65536K), 4 survivors (4096K)
 Metaspace       used 43424K, committed 43904K, reserved 1089536K
  class space    used 5151K, committed 5376K, reserved 1048576K
}
Event: 21.910 GC heap after
{Heap after GC invocations=22 (full 0):
 garbage-first heap   total 110592K, used 28166K [0x00000000a1000000, 0x0000000100000000)
  region size 1024K, 5 young (5120K), 5 survivors (5120K)
 Metaspace       used 43424K, committed 43904K, reserved 1089536K
  class space    used 5151K, committed 5376K, reserved 1048576K
}
Event: 24.206 GC heap before
{Heap before GC invocations=22 (full 0):
 garbage-first heap   total 110592K, used 88582K [0x00000000a1000000, 0x0000000100000000)
  region size 1024K, 64 young (65536K), 5 survivors (5120K)
 Metaspace       used 46318K, committed 46656K, reserved 1097728K
  class space    used 5455K, committed 5632K, reserved 1048576K
}
Event: 24.230 GC heap after
{Heap after GC invocations=23 (full 0):
 garbage-first heap   total 110592K, used 29870K [0x00000000a1000000, 0x0000000100000000)
  region size 1024K, 6 young (6144K), 6 survivors (6144K)
 Metaspace       used 46318K, committed 46656K, reserved 1097728K
  class space    used 5455K, committed 5632K, reserved 1048576K
}
Event: 25.283 GC heap before
{Heap before GC invocations=23 (full 0):
 garbage-first heap   total 110592K, used 88238K [0x00000000a1000000, 0x0000000100000000)
  region size 1024K, 64 young (65536K), 6 survivors (6144K)
 Metaspace       used 48820K, committed 49216K, reserved 1097728K
  class space    used 5688K, committed 5888K, reserved 1048576K
}
Event: 25.304 GC heap after
{Heap after GC invocations=24 (full 0):
 garbage-first heap   total 110592K, used 32274K [0x00000000a1000000, 0x0000000100000000)
  region size 1024K, 6 young (6144K), 6 survivors (6144K)
 Metaspace       used 48820K, committed 49216K, reserved 1097728K
  class space    used 5688K, committed 5888K, reserved 1048576K
}
Event: 26.191 GC heap before
{Heap before GC invocations=24 (full 0):
 garbage-first heap   total 110592K, used 90642K [0x00000000a1000000, 0x0000000100000000)
  region size 1024K, 63 young (64512K), 6 survivors (6144K)
 Metaspace       used 50979K, committed 51392K, reserved 1097728K
  class space    used 5900K, committed 6080K, reserved 1048576K
}
Event: 26.209 GC heap after
{Heap after GC invocations=25 (full 0):
 garbage-first heap   total 110592K, used 31154K [0x00000000a1000000, 0x0000000100000000)
  region size 1024K, 3 young (3072K), 3 survivors (3072K)
 Metaspace       used 50979K, committed 51392K, reserved 1097728K
  class space    used 5900K, committed 6080K, reserved 1048576K
}
Event: 27.869 GC heap before
{Heap before GC invocations=25 (full 0):
 garbage-first heap   total 110592K, used 91570K [0x00000000a1000000, 0x0000000100000000)
  region size 1024K, 62 young (63488K), 3 survivors (3072K)
 Metaspace       used 53884K, committed 54272K, reserved 1097728K
  class space    used 6227K, committed 6400K, reserved 1048576K
}
Event: 27.882 GC heap after
{Heap after GC invocations=26 (full 0):
 garbage-first heap   total 110592K, used 32021K [0x00000000a1000000, 0x0000000100000000)
  region size 1024K, 4 young (4096K), 4 survivors (4096K)
 Metaspace       used 53884K, committed 54272K, reserved 1097728K
  class space    used 6227K, committed 6400K, reserved 1048576K
}
Event: 29.950 GC heap before
{Heap before GC invocations=26 (full 0):
 garbage-first heap   total 110592K, used 92437K [0x00000000a1000000, 0x0000000100000000)
  region size 1024K, 63 young (64512K), 4 survivors (4096K)
 Metaspace       used 57488K, committed 57920K, reserved 1105920K
  class space    used 6738K, committed 6912K, reserved 1048576K
}
Event: 29.966 GC heap after
{Heap after GC invocations=27 (full 0):
 garbage-first heap   total 110592K, used 32178K [0x00000000a1000000, 0x0000000100000000)
  region size 1024K, 4 young (4096K), 4 survivors (4096K)
 Metaspace       used 57488K, committed 57920K, reserved 1105920K
  class space    used 6738K, committed 6912K, reserved 1048576K
}

