# JRE version: OpenJDK Runtime Environment Zulu17.32+13-CA (17.0.2+8) (build 17.0.2+8-LTS)
# Java VM: OpenJDK 64-Bit Server VM Zulu17.32+13-CA (17.0.2+8-LTS, mixed mode, sharing, tiered, compressed oops, compressed class ptrs, g1 gc, windows-amd64)
GC Precious Log:
 CPUs: 8 total, 8 available
 Memory: 6077M
 Large Page Support: Disabled
 NUMA Support: Disabled
 Compressed Oops: Enabled (32-bit)
 Heap Region Size: 1M
 Heap Min Capacity: 8M
 Heap Initial Capacity: 96M
 Heap Max Capacity: 1520M
 Pre-touch: Disabled
 Parallel Workers: 8
 Concurrent Workers: 2
 Concurrent Refinement Workers: 8
 Periodic GC: Disabled
Heap:
 garbage-first heap   total 397312K, used 170557K [0x00000000a1000000, 0x0000000100000000)
  region size 1024K, 45 young (46080K), 1 survivors (1024K)
 Metaspace       used 105464K, committed 106112K, reserved 1146880K
  class space    used 14478K, committed 14784K, reserved 1048576K
GC Heap History (20 events):
Event: 32.343 GC heap before
{Heap before GC invocations=42 (full 0):
 garbage-first heap   total 194560K, used 145806K [0x00000000a1000000, 0x0000000100000000)
  region size 1024K, 85 young (87040K), 3 survivors (3072K)
 Metaspace       used 89790K, committed 90368K, reserved 1130496K
  class space    used 12510K, committed 12800K, reserved 1048576K
}
Event: 32.371 GC heap after
{Heap after GC invocations=43 (full 0):
 garbage-first heap   total 194560K, used 77339K [0x00000000a1000000, 0x0000000100000000)
  region size 1024K, 11 young (11264K), 11 survivors (11264K)
 Metaspace       used 89790K, committed 90368K, reserved 1130496K
  class space    used 12510K, committed 12800K, reserved 1048576K
}
Event: 32.381 GC heap before
{Heap before GC invocations=43 (full 0):
 garbage-first heap   total 194560K, used 78363K [0x00000000a1000000, 0x0000000100000000)
  region size 1024K, 12 young (12288K), 11 survivors (11264K)
 Metaspace       used 89790K, committed 90368K, reserved 1130496K
  class space    used 12510K, committed 12800K, reserved 1048576K
}
Event: 32.388 GC heap after
{Heap after GC invocations=44 (full 0):
 garbage-first heap   total 194560K, used 78953K [0x00000000a1000000, 0x0000000100000000)
  region size 1024K, 2 young (2048K), 2 survivors (2048K)
 Metaspace       used 89790K, committed 90368K, reserved 1130496K
  class space    used 12510K, committed 12800K, reserved 1048576K
}
Event: 32.696 GC heap before
{Heap before GC invocations=44 (full 0):
 garbage-first heap   total 194560K, used 137321K [0x00000000a1000000, 0x0000000100000000)
  region size 1024K, 57 young (58368K), 2 survivors (2048K)
 Metaspace       used 89873K, committed 90496K, reserved 1130496K
  class space    used 12510K, committed 12800K, reserved 1048576K
}
Event: 32.708 GC heap after
{Heap after GC invocations=45 (full 0):
 garbage-first heap   total 194560K, used 94208K [0x00000000a1000000, 0x0000000100000000)
  region size 1024K, 8 young (8192K), 8 survivors (8192K)
 Metaspace       used 89873K, committed 90496K, reserved 1130496K
  class space    used 12510K, committed 12800K, reserved 1048576K
}
Event: 32.955 GC heap before
{Heap before GC invocations=45 (full 0):
 garbage-first heap   total 194560K, used 144384K [0x00000000a1000000, 0x0000000100000000)
  region size 1024K, 57 young (58368K), 8 survivors (8192K)
 Metaspace       used 89944K, committed 90560K, reserved 1130496K
  class space    used 12517K, committed 12800K, reserved 1048576K
}
Event: 32.972 GC heap after
{Heap after GC invocations=46 (full 0):
 garbage-first heap   total 194560K, used 106873K [0x00000000a1000000, 0x0000000100000000)
  region size 1024K, 8 young (8192K), 8 survivors (8192K)
 Metaspace       used 89944K, committed 90560K, reserved 1130496K
  class space    used 12517K, committed 12800K, reserved 1048576K
}
Event: 33.249 GC heap before
{Heap before GC invocations=46 (full 0):
 garbage-first heap   total 194560K, used 149881K [0x00000000a1000000, 0x0000000100000000)
  region size 1024K, 49 young (50176K), 8 survivors (8192K)
 Metaspace       used 89970K, committed 90560K, reserved 1130496K
  class space    used 12520K, committed 12800K, reserved 1048576K
}
Event: 33.266 GC heap after
{Heap after GC invocations=47 (full 0):
 garbage-first heap   total 397312K, used 115264K [0x00000000a1000000, 0x0000000100000000)
  region size 1024K, 7 young (7168K), 7 survivors (7168K)
 Metaspace       used 89970K, committed 90560K, reserved 1130496K
  class space    used 12520K, committed 12800K, reserved 1048576K
}
Event: 113.312 GC heap before
{Heap before GC invocations=47 (full 0):
 garbage-first heap   total 397312K, used 267840K [0x00000000a1000000, 0x0000000100000000)
  region size 1024K, 157 young (160768K), 7 survivors (7168K)
 Metaspace       used 102258K, committed 102912K, reserved 1138688K
  class space    used 14152K, committed 14464K, reserved 1048576K
}
Event: 113.850 GC heap after
{Heap after GC invocations=48 (full 0):
 garbage-first heap   total 397312K, used 125869K [0x00000000a1000000, 0x0000000100000000)
  region size 1024K, 18 young (18432K), 18 survivors (18432K)
 Metaspace       used 102258K, committed 102912K, reserved 1138688K
  class space    used 14152K, committed 14464K, reserved 1048576K
}
Event: 193.912 GC heap before
{Heap before GC invocations=48 (full 0):
 garbage-first heap   total 397312K, used 141229K [0x00000000a1000000, 0x0000000100000000)
  region size 1024K, 33 young (33792K), 18 survivors (18432K)
 Metaspace       used 102829K, committed 103488K, reserved 1138688K
  class space    used 14207K, committed 14528K, reserved 1048576K
}
Event: 194.259 GC heap after
{Heap after GC invocations=49 (full 0):
 garbage-first heap   total 397312K, used 128466K [0x00000000a1000000, 0x0000000100000000)
  region size 1024K, 3 young (3072K), 3 survivors (3072K)
 Metaspace       used 102829K, committed 103488K, reserved 1138688K
  class space    used 14207K, committed 14528K, reserved 1048576K
}
Event: 456.988 GC heap before
{Heap before GC invocations=49 (full 0):
 garbage-first heap   total 397312K, used 175570K [0x00000000a1000000, 0x0000000100000000)
  region size 1024K, 50 young (51200K), 3 survivors (3072K)
 Metaspace       used 104929K, committed 105536K, reserved 1146880K
  class space    used 14469K, committed 14784K, reserved 1048576K
}
Event: 457.128 GC heap after
{Heap after GC invocations=50 (full 0):
 garbage-first heap   total 397312K, used 126999K [0x00000000a1000000, 0x0000000100000000)
  region size 1024K, 2 young (2048K), 2 survivors (2048K)
 Metaspace       used 104929K, committed 105536K, reserved 1146880K
  class space    used 14469K, committed 14784K, reserved 1048576K
}
Event: 647.607 GC heap before
{Heap before GC invocations=50 (full 0):
 garbage-first heap   total 397312K, used 153623K [0x00000000a1000000, 0x0000000100000000)
  region size 1024K, 28 young (28672K), 2 survivors (2048K)
 Metaspace       used 105076K, committed 105728K, reserved 1146880K
  class space    used 14469K, committed 14784K, reserved 1048576K
}
Event: 647.689 GC heap after
{Heap after GC invocations=51 (full 0):
 garbage-first heap   total 397312K, used 126565K [0x00000000a1000000, 0x0000000100000000)
  region size 1024K, 1 young (1024K), 1 survivors (1024K)
 Metaspace       used 105076K, committed 105728K, reserved 1146880K
  class space    used 14469K, committed 14784K, reserved 1048576K
}
Event: 992.341 GC heap before
{Heap before GC invocations=51 (full 0):
 garbage-first heap   total 397312K, used 173669K [0x00000000a1000000, 0x0000000100000000)
  region size 1024K, 48 young (49152K), 1 survivors (1024K)
 Metaspace       used 105391K, committed 106048K, reserved 1146880K
  class space    used 14478K, committed 14784K, reserved 1048576K
}
Event: 992.412 GC heap after
{Heap after GC invocations=52 (full 0):
 garbage-first heap   total 397312K, used 126525K [0x00000000a1000000, 0x0000000100000000)
  region size 1024K, 1 young (1024K), 1 survivors (1024K)
 Metaspace       used 105391K, committed 106048K, reserved 1146880K
  class space    used 14478K, committed 14784K, reserved 1048576K
}

