# JRE version: OpenJDK Runtime Environment Zulu17.32+13-CA (17.0.2+8) (build 17.0.2+8-LTS)
# Java VM: OpenJDK 64-Bit Server VM Zulu17.32+13-CA (17.0.2+8-LTS, mixed mode, sharing, tiered, compressed oops, compressed class ptrs, g1 gc, windows-amd64)
GC Precious Log:
 CPUs: 8 total, 8 available
 Memory: 6077M
 Large Page Support: Disabled
 NUMA Support: Disabled
 Compressed Oops: Enabled (32-bit)
 Heap Region Size: 1M
 Heap Min Capacity: 8M
 Heap Initial Capacity: 96M
 Heap Max Capacity: 1520M
 Pre-touch: Disabled
 Parallel Workers: 8
 Concurrent Workers: 2
 Concurrent Refinement Workers: 8
 Periodic GC: Disabled
Heap:
 garbage-first heap   total 61440K, used 33374K [0x00000000a1000000, 0x0000000100000000)
  region size 1024K, 2 young (2048K), 1 survivors (1024K)
 Metaspace       used 46467K, committed 46912K, reserved 1097728K
  class space    used 5968K, committed 6208K, reserved 1048576K
GC Heap History (20 events):
Event: 12.195 GC heap before
{Heap before GC invocations=6 (full 0):
 garbage-first heap   total 61440K, used 41781K [0x00000000a1000000, 0x0000000100000000)
  region size 1024K, 27 young (27648K), 5 survivors (5120K)
 Metaspace       used 26010K, committed 26304K, reserved 1073152K
  class space    used 3277K, committed 3392K, reserved 1048576K
}
Event: 12.204 GC heap after
{Heap after GC invocations=7 (full 0):
 garbage-first heap   total 61440K, used 20857K [0x00000000a1000000, 0x0000000100000000)
  region size 1024K, 2 young (2048K), 2 survivors (2048K)
 Metaspace       used 26010K, committed 26304K, reserved 1073152K
  class space    used 3277K, committed 3392K, reserved 1048576K
}
Event: 13.894 GC heap before
{Heap before GC invocations=7 (full 0):
 garbage-first heap   total 61440K, used 44409K [0x00000000a1000000, 0x0000000100000000)
  region size 1024K, 25 young (25600K), 2 survivors (2048K)
 Metaspace       used 29065K, committed 29376K, reserved 1081344K
  class space    used 3768K, committed 3904K, reserved 1048576K
}
Event: 13.897 GC heap after
{Heap after GC invocations=8 (full 0):
 garbage-first heap   total 61440K, used 21836K [0x00000000a1000000, 0x0000000100000000)
  region size 1024K, 3 young (3072K), 3 survivors (3072K)
 Metaspace       used 29065K, committed 29376K, reserved 1081344K
  class space    used 3768K, committed 3904K, reserved 1048576K
}
Event: 15.888 GC heap before
{Heap before GC invocations=8 (full 0):
 garbage-first heap   total 61440K, used 45388K [0x00000000a1000000, 0x0000000100000000)
  region size 1024K, 26 young (26624K), 3 survivors (3072K)
 Metaspace       used 32020K, committed 32384K, reserved 1081344K
  class space    used 4222K, committed 4416K, reserved 1048576K
}
Event: 15.894 GC heap after
{Heap after GC invocations=9 (full 0):
 garbage-first heap   total 61440K, used 23513K [0x00000000a1000000, 0x0000000100000000)
  region size 1024K, 3 young (3072K), 3 survivors (3072K)
 Metaspace       used 32020K, committed 32384K, reserved 1081344K
  class space    used 4222K, committed 4416K, reserved 1048576K
}
Event: 17.488 GC heap before
{Heap before GC invocations=9 (full 0):
 garbage-first heap   total 61440K, used 40921K [0x00000000a1000000, 0x0000000100000000)
  region size 1024K, 21 young (21504K), 3 survivors (3072K)
 Metaspace       used 35613K, committed 35968K, reserved 1081344K
  class space    used 4672K, committed 4864K, reserved 1048576K
}
Event: 17.498 GC heap after
{Heap after GC invocations=10 (full 0):
 garbage-first heap   total 61440K, used 25189K [0x00000000a1000000, 0x0000000100000000)
  region size 1024K, 4 young (4096K), 4 survivors (4096K)
 Metaspace       used 35613K, committed 35968K, reserved 1081344K
  class space    used 4672K, committed 4864K, reserved 1048576K
}
Event: 21.118 GC heap before
{Heap before GC invocations=11 (full 0):
 garbage-first heap   total 61440K, used 46693K [0x00000000a1000000, 0x0000000100000000)
  region size 1024K, 25 young (25600K), 4 survivors (4096K)
 Metaspace       used 37455K, committed 37888K, reserved 1089536K
  class space    used 4966K, committed 5184K, reserved 1048576K
}
Event: 21.126 GC heap after
{Heap after GC invocations=12 (full 0):
 garbage-first heap   total 61440K, used 26812K [0x00000000a1000000, 0x0000000100000000)
  region size 1024K, 4 young (4096K), 4 survivors (4096K)
 Metaspace       used 37455K, committed 37888K, reserved 1089536K
  class space    used 4966K, committed 5184K, reserved 1048576K
}
Event: 22.554 GC heap before
{Heap before GC invocations=12 (full 0):
 garbage-first heap   total 61440K, used 44220K [0x00000000a1000000, 0x0000000100000000)
  region size 1024K, 19 young (19456K), 4 survivors (4096K)
 Metaspace       used 38799K, committed 39232K, reserved 1089536K
  class space    used 5099K, committed 5312K, reserved 1048576K
}
Event: 22.562 GC heap after
{Heap after GC invocations=13 (full 0):
 garbage-first heap   total 61440K, used 31520K [0x00000000a1000000, 0x0000000100000000)
  region size 1024K, 3 young (3072K), 3 survivors (3072K)
 Metaspace       used 38799K, committed 39232K, reserved 1089536K
  class space    used 5099K, committed 5312K, reserved 1048576K
}
Event: 24.732 GC heap before
{Heap before GC invocations=14 (full 0):
 garbage-first heap   total 61440K, used 49952K [0x00000000a1000000, 0x0000000100000000)
  region size 1024K, 19 young (19456K), 3 survivors (3072K)
 Metaspace       used 40532K, committed 40960K, reserved 1089536K
  class space    used 5270K, committed 5440K, reserved 1048576K
}
Event: 24.738 GC heap after
{Heap after GC invocations=15 (full 0):
 garbage-first heap   total 61440K, used 31124K [0x00000000a1000000, 0x0000000100000000)
  region size 1024K, 2 young (2048K), 2 survivors (2048K)
 Metaspace       used 40532K, committed 40960K, reserved 1089536K
  class space    used 5270K, committed 5440K, reserved 1048576K
}
Event: 24.797 GC heap before
{Heap before GC invocations=15 (full 0):
 garbage-first heap   total 61440K, used 31124K [0x00000000a1000000, 0x0000000100000000)
  region size 1024K, 3 young (3072K), 2 survivors (2048K)
 Metaspace       used 40532K, committed 40960K, reserved 1089536K
  class space    used 5270K, committed 5440K, reserved 1048576K
}
Event: 24.799 GC heap after
{Heap after GC invocations=16 (full 0):
 garbage-first heap   total 61440K, used 31570K [0x00000000a1000000, 0x0000000100000000)
  region size 1024K, 3 young (3072K), 3 survivors (3072K)
 Metaspace       used 40532K, committed 40960K, reserved 1089536K
  class space    used 5270K, committed 5440K, reserved 1048576K
}
Event: 26.121 GC heap before
{Heap before GC invocations=17 (full 0):
 garbage-first heap   total 61440K, used 42834K [0x00000000a1000000, 0x0000000100000000)
  region size 1024K, 13 young (13312K), 3 survivors (3072K)
 Metaspace       used 41257K, committed 41664K, reserved 1089536K
  class space    used 5387K, committed 5568K, reserved 1048576K
}
Event: 26.126 GC heap after
{Heap after GC invocations=18 (full 0):
 garbage-first heap   total 61440K, used 31503K [0x00000000a1000000, 0x0000000100000000)
  region size 1024K, 1 young (1024K), 1 survivors (1024K)
 Metaspace       used 41257K, committed 41664K, reserved 1089536K
  class space    used 5387K, committed 5568K, reserved 1048576K
}
Event: 27.271 GC heap before
{Heap before GC invocations=18 (full 0):
 garbage-first heap   total 61440K, used 42767K [0x00000000a1000000, 0x0000000100000000)
  region size 1024K, 12 young (12288K), 1 survivors (1024K)
 Metaspace       used 43286K, committed 43712K, reserved 1089536K
  class space    used 5593K, committed 5824K, reserved 1048576K
}
Event: 27.276 GC heap after
{Heap after GC invocations=19 (full 0):
 garbage-first heap   total 61440K, used 32510K [0x00000000a1000000, 0x0000000100000000)
  region size 1024K, 2 young (2048K), 2 survivors (2048K)
 Metaspace       used 43286K, committed 43712K, reserved 1089536K
  class space    used 5593K, committed 5824K, reserved 1048576K
}

